<?xml version="1.0" encoding="UTF-8"?>
<!-- Generated by org.testng.reporters.JUnitReportReporter -->
<testsuite hostname="rakshiths-air-6.in.ibm.com" name="org.castiron.testing.castiron_testing.CIScreenGrab" tests="1" failures="0" timestamp="29 Mar 2019 12:04:24 GMT" time="42.834" errors="0">
  <testcase name="TestMethod" time="42.834" classname="org.castiron.testing.castiron_testing.CIScreenGrab"/>
</testsuite> <!-- org.castiron.testing.castiron_testing.CIScreenGrab -->
