<?xml version="1.0" encoding="UTF-8"?>
<!-- Generated by org.testng.reporters.JUnitReportReporter -->
<testsuite name="org.castiron.testing.castiron_testing.CIScreenGrab" tests="1" time="123.681" ignored="0" failures="0" timestamp="01 Apr 2019 09:50:06 GMT" skipped="0" hostname="rakshiths-air-6.in.ibm.com" errors="0">
  <testcase name="TestMethod" time="123.681" classname="org.castiron.testing.castiron_testing.CIScreenGrab"/>
</testsuite> <!-- org.castiron.testing.castiron_testing.CIScreenGrab -->
